<?xml version="1.0" encoding="UTF-8"?>
<!-- Generated by org.testng.reporters.JUnitReportReporter -->
<testsuite skipped="0" hostname="Dell1" name="Learning.Mevan.Selenium" tests="2" failures="0" timestamp="9 Aug 2020 15:11:15 GMT" time="0.002" errors="0">
  <testcase name="demo5" time="0.002" classname="Learning.Mevan.Selenium"/>
  <testcase name="demo6" time="0.000" classname="Learning.Mevan.Selenium"/>
</testsuite> <!-- Learning.Mevan.Selenium -->
