<?xml version="1.0" encoding="UTF-8"?>
<!-- Generated by org.testng.reporters.JUnitReportReporter -->
<testsuite skipped="0" hostname="Dell1" name="Learning.Mevan.SeleniumTest" tests="2" failures="0" timestamp="16 Aug 2020 19:45:44 GMT" time="0.010" errors="0">
  <testcase name="demo6" time="0.003" classname="Learning.Mevan.SeleniumTest"/>
  <testcase name="demo5" time="0.007" classname="Learning.Mevan.SeleniumTest"/>
</testsuite> <!-- Learning.Mevan.SeleniumTest -->
