<?xml version="1.0" encoding="UTF-8"?>
<!-- Generated by org.testng.reporters.JUnitReportReporter -->
<testsuite skipped="0" hostname="Dell1" name="Learning.Mevan.AppiumTest" tests="2" failures="0" timestamp="16 Aug 2020 19:45:44 GMT" time="0.005" errors="0">
  <testcase name="demo2" time="0.004" classname="Learning.Mevan.AppiumTest"/>
  <testcase name="demo1" time="0.001" classname="Learning.Mevan.AppiumTest"/>
</testsuite> <!-- Learning.Mevan.AppiumTest -->
