<?xml version="1.0" encoding="UTF-8"?>
<!-- Generated by org.testng.reporters.JUnitReportReporter -->
<testsuite skipped="0" hostname="Dell1" name="Learning.Mevan.AppiumTest" tests="2" failures="0" timestamp="2020-08-17T23:40:07 ICT" time="0.012" errors="0">
  <testcase name="demo2" time="0.001" classname="Learning.Mevan.AppiumTest"/>
  <system-out/>
  <testcase name="demo1" time="0.011" classname="Learning.Mevan.AppiumTest"/>
  <system-out/>
</testsuite> <!-- Learning.Mevan.AppiumTest -->
