<?xml version="1.0" encoding="UTF-8"?>
<!-- Generated by org.testng.reporters.JUnitReportReporter -->
<testsuite skipped="0" hostname="Dell1" name="Learning.Mevan.Mobile" tests="2" failures="0" timestamp="9 Aug 2020 15:11:15 GMT" time="0.009" errors="0">
  <testcase name="demo4" time="0.002" classname="Learning.Mevan.Mobile"/>
  <testcase name="demo3" time="0.007" classname="Learning.Mevan.Mobile"/>
</testsuite> <!-- Learning.Mevan.Mobile -->
