<?xml version="1.0" encoding="UTF-8"?>
<!-- Generated by org.testng.reporters.JUnitReportReporter -->
<testsuite skipped="0" hostname="Dell1" name="Learning.Mevan.MobileTest" tests="2" failures="0" timestamp="16 Aug 2020 19:45:44 GMT" time="0.015" errors="0">
  <testcase name="demo4" time="0.003" classname="Learning.Mevan.MobileTest"/>
  <testcase name="demo3" time="0.012" classname="Learning.Mevan.MobileTest"/>
</testsuite> <!-- Learning.Mevan.MobileTest -->
