<?xml version="1.0" encoding="UTF-8"?>
<!-- Generated by org.testng.reporters.JUnitReportReporter -->
<testsuite skipped="0" hostname="Dell1" name="Learning.Mevan.Appium" tests="2" failures="0" timestamp="9 Aug 2020 15:11:15 GMT" time="0.016" errors="0">
  <testcase name="demo1" time="0.010" classname="Learning.Mevan.Appium"/>
  <testcase name="demo2" time="0.006" classname="Learning.Mevan.Appium"/>
</testsuite> <!-- Learning.Mevan.Appium -->
