<?xml version="1.0" encoding="UTF-8"?>
<!-- Generated by org.testng.reporters.JUnitReportReporter -->
<testsuite skipped="0" hostname="Dell1" name="Learning.Mevan.MobileTest" tests="2" failures="0" timestamp="2020-08-17T17:50:58 ICT" time="0.005" errors="0">
  <testcase name="demo3" time="0.005" classname="Learning.Mevan.MobileTest"/>
  <system-out/>
  <testcase name="demo4" time="0.000" classname="Learning.Mevan.MobileTest"/>
  <system-out/>
</testsuite> <!-- Learning.Mevan.MobileTest -->
