<?xml version="1.0" encoding="UTF-8"?>
<!-- Generated by org.testng.reporters.JUnitReportReporter -->
<testsuite skipped="0" hostname="Dell1" name="Learning.Mevan.SeleniumTest" tests="2" failures="0" timestamp="2020-08-17T17:41:52 ICT" time="0.001" errors="0">
  <testcase name="demo6" time="0.000" classname="Learning.Mevan.SeleniumTest"/>
  <system-out/>
  <testcase name="demo5" time="0.001" classname="Learning.Mevan.SeleniumTest"/>
  <system-out/>
</testsuite> <!-- Learning.Mevan.SeleniumTest -->
